First measurement 2.33760947439, 4.16192088245
First guess is 2.40013366172, 4.06767957005
*****
****GAAAAH
MEAS: 2.33760947439, 4.16192088245  this measurement 3.29845172221, 5.25142488383
better weight at point 0.813689273784, 3.67181391594 weight = 0.339633176701
better weight at point 0.970474276724, 3.61817697212 weight = 0.351646967457
better weight at point 1.02810752294, 3.78245157389 weight = 0.369804040811
better weight at point 1.120615148, 3.76725490229 weight = 0.379438126895
Max w = 0.379438126895
point 0.970474276724, 3.61817697212
point 0.970474276724, 3.61817697212
point 0.976640726624, 3.66826405697
point 0.976640726624, 3.66826405697
point 0.95713367884, 3.65940376607
point 0.95713367884, 3.65940376607
point 1.06401468193, 3.53708629439
point 1.06401468193, 3.53708629439
point 1.06401468193, 3.53708629439
point 0.916505245908, 3.7603523802
point 0.898452126946, 3.7159985181
point 0.997400886623, 3.61852132605
point 0.861417441065, 3.59544226555
point 1.04121115402, 3.69852429968
point 1.05079984345, 3.73435751206
point 0.947816873979, 3.80326256747
point 0.949807831104, 3.63330645444
point 1.120615148, 3.76725490229
point 1.00240941202, 3.54461499471
point 0.967507882892, 3.53354893406
point 0.967507882892, 3.53354893406
point 1.15317221861, 3.58231742614
point 1.04448193168, 3.66681463121
point 0.931136616551, 3.79627512877
point 1.07506882167, 3.55332026538
point 1.07506882167, 3.55332026538
point 0.858860650969, 3.61560544943
point 0.914231558504, 3.47704607256
point 0.914231558504, 3.47704607256
point 1.0264869001, 3.6167038851
point 0.963969679983, 3.59207857351
point 0.955465355525, 3.65704679284
point 1.0655191198, 3.72570997914
point 1.03231998202, 3.61479147612
point 1.03168170244, 3.72941903864
point 0.839651745796, 3.70178602062
point 0.839651745796, 3.70178602062
point 0.948915164577, 3.75896579038
point 1.01776461822, 3.61755870737
point 1.01776461822, 3.61755870737
point 1.01776461822, 3.61755870737
point 0.852646247171, 3.70921992369
point 1.02762432802, 3.61200574436
point 0.973228062517, 3.67892063406
point 1.04172446176, 3.58024811908
point 1.10451627017, 3.63243913273
point 1.10451627017, 3.63243913273
point 1.10451627017, 3.63243913273
point 0.820842605679, 3.66129083343
point 0.973392041955, 3.70784318875
point 0.931677516752, 3.46271070742
point 1.02783978767, 3.75939870206
point 1.12100866176, 3.70420467753
point 1.05065807515, 3.68176097404
point 1.05065807515, 3.68176097404
point 0.944081646473, 3.61712413316
point 0.93040882303, 3.70292162778
point 0.943229696032, 3.65137688057
point 1.02295060919, 3.60286661858
point 1.00988746005, 3.75004065975
point 1.00350495117, 3.56144237436
point 1.00350495117, 3.56144237436
point 0.858813891104, 3.61558365499
point 0.858813891104, 3.61558365499
point 0.983396444739, 3.58071592315
point 0.983396444739, 3.58071592315
point 1.00832684916, 3.65824201643
point 0.958798534961, 3.67344834797
point 0.930066363386, 3.66444073714
point 0.930066363386, 3.66444073714
point 0.94737394221, 3.72663830817
point 1.09517000002, 3.62675287811
point 0.837890474732, 3.58698572329
point 1.07184389422, 3.73745342553
point 0.979871287579, 3.71129052389
point 1.03395075315, 3.54161906275
point 0.986304463944, 3.78494112946
point 1.07874708287, 3.63692298755
point 1.07874708287, 3.63692298755
point 0.923724836712, 3.62135874658
point 0.971272427983, 3.59814999805
point 0.944714474937, 3.65124918564
point 0.884138416125, 3.59736713672
point 0.983744567816, 3.55220842015
point 0.983744567816, 3.55220842015
point 0.983744567816, 3.55220842015
point 1.04287381425, 3.54589713723
point 1.04287381425, 3.54589713723
point 1.04287381425, 3.54589713723
point 0.964326283328, 3.71420514369
point 0.964326283328, 3.71420514369
point 1.08850206043, 3.75754948805
point 1.08850206043, 3.75754948805
point 1.07061044451, 3.44498658114
point 1.01244697649, 3.63389792443
point 0.92771231572, 3.54122341206
point 1.04165408655, 3.65450853628
point 1.04617166869, 3.54134914565
point 1.04617166869, 3.54134914565
point 0.813689273784, 3.67181391594
